<?xml version="1.0" encoding="UTF-8"?>
<testsuite xmlns:xsi="http://www.w3.org/2001/XMLSchema-instance" xsi:noNamespaceSchemaLocation="https://maven.apache.org/surefire/maven-surefire-plugin/xsd/surefire-test-report.xsd" name="com.study.AppTest" time="0.048" tests="1" errors="0" skipped="0" failures="0">
  <properties>
    <property name="sun.desktop" value="windows"/>
    <property name="awt.toolkit" value="sun.awt.windows.WToolkit"/>
    <property name="file.encoding.pkg" value="sun.io"/>
    <property name="java.specification.version" value="1.8"/>
    <property name="sun.cpu.isalist" value="amd64"/>
    <property name="sun.jnu.encoding" value="GBK"/>
    <property name="java.class.path" value="D:\sourceCode\MR\myhadoop\mr\target\test-classes;D:\sourceCode\MR\myhadoop\mr\target\classes;D:\repository\junit\junit\4.11\junit-4.11.jar;D:\repository\org\hamcrest\hamcrest-core\1.3\hamcrest-core-1.3.jar;D:\repository\org\apache\hadoop\hadoop-common\2.7.4\hadoop-common-2.7.4.jar;D:\repository\org\apache\hadoop\hadoop-annotations\2.7.4\hadoop-annotations-2.7.4.jar;C:\Java\jre\..\lib\tools.jar;D:\repository\com\google\guava\guava\11.0.2\guava-11.0.2.jar;D:\repository\commons-cli\commons-cli\1.2\commons-cli-1.2.jar;D:\repository\org\apache\commons\commons-math3\3.1.1\commons-math3-3.1.1.jar;D:\repository\xmlenc\xmlenc\0.52\xmlenc-0.52.jar;D:\repository\commons-httpclient\commons-httpclient\3.1\commons-httpclient-3.1.jar;D:\repository\commons-codec\commons-codec\1.4\commons-codec-1.4.jar;D:\repository\commons-io\commons-io\2.4\commons-io-2.4.jar;D:\repository\commons-net\commons-net\3.1\commons-net-3.1.jar;D:\repository\commons-collections\commons-collections\3.2.2\commons-collections-3.2.2.jar;D:\repository\javax\servlet\servlet-api\2.5\servlet-api-2.5.jar;D:\repository\org\mortbay\jetty\jetty\6.1.26\jetty-6.1.26.jar;D:\repository\org\mortbay\jetty\jetty-util\6.1.26\jetty-util-6.1.26.jar;D:\repository\org\mortbay\jetty\jetty-sslengine\6.1.26\jetty-sslengine-6.1.26.jar;D:\repository\javax\servlet\jsp\jsp-api\2.1\jsp-api-2.1.jar;D:\repository\com\sun\jersey\jersey-core\1.9\jersey-core-1.9.jar;D:\repository\com\sun\jersey\jersey-json\1.9\jersey-json-1.9.jar;D:\repository\org\codehaus\jettison\jettison\1.1\jettison-1.1.jar;D:\repository\com\sun\xml\bind\jaxb-impl\2.2.3-1\jaxb-impl-2.2.3-1.jar;D:\repository\org\codehaus\jackson\jackson-jaxrs\1.8.3\jackson-jaxrs-1.8.3.jar;D:\repository\org\codehaus\jackson\jackson-xc\1.8.3\jackson-xc-1.8.3.jar;D:\repository\com\sun\jersey\jersey-server\1.9\jersey-server-1.9.jar;D:\repository\asm\asm\3.1\asm-3.1.jar;D:\repository\commons-logging\commons-logging\1.1.3\commons-logging-1.1.3.jar;D:\repository\log4j\log4j\1.2.17\log4j-1.2.17.jar;D:\repository\net\java\dev\jets3t\jets3t\0.9.0\jets3t-0.9.0.jar;D:\repository\org\apache\httpcomponents\httpclient\4.1.2\httpclient-4.1.2.jar;D:\repository\org\apache\httpcomponents\httpcore\4.1.2\httpcore-4.1.2.jar;D:\repository\com\jamesmurty\utils\java-xmlbuilder\0.4\java-xmlbuilder-0.4.jar;D:\repository\commons-lang\commons-lang\2.6\commons-lang-2.6.jar;D:\repository\commons-configuration\commons-configuration\1.6\commons-configuration-1.6.jar;D:\repository\commons-digester\commons-digester\1.8\commons-digester-1.8.jar;D:\repository\commons-beanutils\commons-beanutils\1.7.0\commons-beanutils-1.7.0.jar;D:\repository\commons-beanutils\commons-beanutils-core\1.8.0\commons-beanutils-core-1.8.0.jar;D:\repository\org\slf4j\slf4j-api\1.7.10\slf4j-api-1.7.10.jar;D:\repository\org\slf4j\slf4j-log4j12\1.7.10\slf4j-log4j12-1.7.10.jar;D:\repository\org\codehaus\jackson\jackson-core-asl\1.9.13\jackson-core-asl-1.9.13.jar;D:\repository\org\codehaus\jackson\jackson-mapper-asl\1.9.13\jackson-mapper-asl-1.9.13.jar;D:\repository\org\apache\avro\avro\1.7.4\avro-1.7.4.jar;D:\repository\com\thoughtworks\paranamer\paranamer\2.3\paranamer-2.3.jar;D:\repository\org\xerial\snappy\snappy-java\1.0.4.1\snappy-java-1.0.4.1.jar;D:\repository\com\google\protobuf\protobuf-java\2.5.0\protobuf-java-2.5.0.jar;D:\repository\com\google\code\gson\gson\2.2.4\gson-2.2.4.jar;D:\repository\org\apache\hadoop\hadoop-auth\2.7.4\hadoop-auth-2.7.4.jar;D:\repository\org\apache\directory\server\apacheds-kerberos-codec\2.0.0-M15\apacheds-kerberos-codec-2.0.0-M15.jar;D:\repository\org\apache\directory\server\apacheds-i18n\2.0.0-M15\apacheds-i18n-2.0.0-M15.jar;D:\repository\org\apache\directory\api\api-asn1-api\1.0.0-M20\api-asn1-api-1.0.0-M20.jar;D:\repository\org\apache\directory\api\api-util\1.0.0-M20\api-util-1.0.0-M20.jar;D:\repository\org\apache\curator\curator-framework\2.7.1\curator-framework-2.7.1.jar;D:\repository\com\jcraft\jsch\0.1.54\jsch-0.1.54.jar;D:\repository\org\apache\curator\curator-client\2.7.1\curator-client-2.7.1.jar;D:\repository\org\apache\curator\curator-recipes\2.7.1\curator-recipes-2.7.1.jar;D:\repository\com\google\code\findbugs\jsr305\3.0.0\jsr305-3.0.0.jar;D:\repository\org\apache\htrace\htrace-core\3.1.0-incubating\htrace-core-3.1.0-incubating.jar;D:\repository\org\apache\zookeeper\zookeeper\3.4.6\zookeeper-3.4.6.jar;D:\repository\org\apache\commons\commons-compress\1.4.1\commons-compress-1.4.1.jar;D:\repository\org\apache\hadoop\hadoop-mapreduce-client-core\2.7.4\hadoop-mapreduce-client-core-2.7.4.jar;D:\repository\org\apache\hadoop\hadoop-yarn-common\2.7.4\hadoop-yarn-common-2.7.4.jar;D:\repository\org\apache\hadoop\hadoop-yarn-api\2.7.4\hadoop-yarn-api-2.7.4.jar;D:\repository\javax\xml\bind\jaxb-api\2.2.2\jaxb-api-2.2.2.jar;D:\repository\javax\xml\stream\stax-api\1.0-2\stax-api-1.0-2.jar;D:\repository\javax\activation\activation\1.1\activation-1.1.jar;D:\repository\com\sun\jersey\jersey-client\1.9\jersey-client-1.9.jar;D:\repository\com\google\inject\guice\3.0\guice-3.0.jar;D:\repository\javax\inject\javax.inject\1\javax.inject-1.jar;D:\repository\aopalliance\aopalliance\1.0\aopalliance-1.0.jar;D:\repository\com\sun\jersey\contribs\jersey-guice\1.9\jersey-guice-1.9.jar;D:\repository\com\google\inject\extensions\guice-servlet\3.0\guice-servlet-3.0.jar;D:\repository\io\netty\netty\3.6.2.Final\netty-3.6.2.Final.jar;"/>
    <property name="java.vm.vendor" value="Oracle Corporation"/>
    <property name="sun.arch.data.model" value="64"/>
    <property name="user.variant" value=""/>
    <property name="java.vendor.url" value="http://java.oracle.com/"/>
    <property name="user.timezone" value=""/>
    <property name="java.vm.specification.version" value="1.8"/>
    <property name="os.name" value="Windows 10"/>
    <property name="user.country" value="CN"/>
    <property name="sun.java.launcher" value="SUN_STANDARD"/>
    <property name="sun.boot.library.path" value="C:\Java\jre\bin"/>
    <property name="sun.java.command" value="C:\Users\tianl\AppData\Local\Temp\surefire5229937159066667628\surefirebooter4260507673857794189.jar C:\Users\tianl\AppData\Local\Temp\surefire5229937159066667628 2018-05-25T18-11-38_654-jvmRun1 surefire2955292390518473402tmp surefire_0459187341238651378tmp"/>
    <property name="surefire.test.class.path" value="D:\sourceCode\MR\myhadoop\mr\target\test-classes;D:\sourceCode\MR\myhadoop\mr\target\classes;D:\repository\junit\junit\4.11\junit-4.11.jar;D:\repository\org\hamcrest\hamcrest-core\1.3\hamcrest-core-1.3.jar;D:\repository\org\apache\hadoop\hadoop-common\2.7.4\hadoop-common-2.7.4.jar;D:\repository\org\apache\hadoop\hadoop-annotations\2.7.4\hadoop-annotations-2.7.4.jar;C:\Java\jre\..\lib\tools.jar;D:\repository\com\google\guava\guava\11.0.2\guava-11.0.2.jar;D:\repository\commons-cli\commons-cli\1.2\commons-cli-1.2.jar;D:\repository\org\apache\commons\commons-math3\3.1.1\commons-math3-3.1.1.jar;D:\repository\xmlenc\xmlenc\0.52\xmlenc-0.52.jar;D:\repository\commons-httpclient\commons-httpclient\3.1\commons-httpclient-3.1.jar;D:\repository\commons-codec\commons-codec\1.4\commons-codec-1.4.jar;D:\repository\commons-io\commons-io\2.4\commons-io-2.4.jar;D:\repository\commons-net\commons-net\3.1\commons-net-3.1.jar;D:\repository\commons-collections\commons-collections\3.2.2\commons-collections-3.2.2.jar;D:\repository\javax\servlet\servlet-api\2.5\servlet-api-2.5.jar;D:\repository\org\mortbay\jetty\jetty\6.1.26\jetty-6.1.26.jar;D:\repository\org\mortbay\jetty\jetty-util\6.1.26\jetty-util-6.1.26.jar;D:\repository\org\mortbay\jetty\jetty-sslengine\6.1.26\jetty-sslengine-6.1.26.jar;D:\repository\javax\servlet\jsp\jsp-api\2.1\jsp-api-2.1.jar;D:\repository\com\sun\jersey\jersey-core\1.9\jersey-core-1.9.jar;D:\repository\com\sun\jersey\jersey-json\1.9\jersey-json-1.9.jar;D:\repository\org\codehaus\jettison\jettison\1.1\jettison-1.1.jar;D:\repository\com\sun\xml\bind\jaxb-impl\2.2.3-1\jaxb-impl-2.2.3-1.jar;D:\repository\org\codehaus\jackson\jackson-jaxrs\1.8.3\jackson-jaxrs-1.8.3.jar;D:\repository\org\codehaus\jackson\jackson-xc\1.8.3\jackson-xc-1.8.3.jar;D:\repository\com\sun\jersey\jersey-server\1.9\jersey-server-1.9.jar;D:\repository\asm\asm\3.1\asm-3.1.jar;D:\repository\commons-logging\commons-logging\1.1.3\commons-logging-1.1.3.jar;D:\repository\log4j\log4j\1.2.17\log4j-1.2.17.jar;D:\repository\net\java\dev\jets3t\jets3t\0.9.0\jets3t-0.9.0.jar;D:\repository\org\apache\httpcomponents\httpclient\4.1.2\httpclient-4.1.2.jar;D:\repository\org\apache\httpcomponents\httpcore\4.1.2\httpcore-4.1.2.jar;D:\repository\com\jamesmurty\utils\java-xmlbuilder\0.4\java-xmlbuilder-0.4.jar;D:\repository\commons-lang\commons-lang\2.6\commons-lang-2.6.jar;D:\repository\commons-configuration\commons-configuration\1.6\commons-configuration-1.6.jar;D:\repository\commons-digester\commons-digester\1.8\commons-digester-1.8.jar;D:\repository\commons-beanutils\commons-beanutils\1.7.0\commons-beanutils-1.7.0.jar;D:\repository\commons-beanutils\commons-beanutils-core\1.8.0\commons-beanutils-core-1.8.0.jar;D:\repository\org\slf4j\slf4j-api\1.7.10\slf4j-api-1.7.10.jar;D:\repository\org\slf4j\slf4j-log4j12\1.7.10\slf4j-log4j12-1.7.10.jar;D:\repository\org\codehaus\jackson\jackson-core-asl\1.9.13\jackson-core-asl-1.9.13.jar;D:\repository\org\codehaus\jackson\jackson-mapper-asl\1.9.13\jackson-mapper-asl-1.9.13.jar;D:\repository\org\apache\avro\avro\1.7.4\avro-1.7.4.jar;D:\repository\com\thoughtworks\paranamer\paranamer\2.3\paranamer-2.3.jar;D:\repository\org\xerial\snappy\snappy-java\1.0.4.1\snappy-java-1.0.4.1.jar;D:\repository\com\google\protobuf\protobuf-java\2.5.0\protobuf-java-2.5.0.jar;D:\repository\com\google\code\gson\gson\2.2.4\gson-2.2.4.jar;D:\repository\org\apache\hadoop\hadoop-auth\2.7.4\hadoop-auth-2.7.4.jar;D:\repository\org\apache\directory\server\apacheds-kerberos-codec\2.0.0-M15\apacheds-kerberos-codec-2.0.0-M15.jar;D:\repository\org\apache\directory\server\apacheds-i18n\2.0.0-M15\apacheds-i18n-2.0.0-M15.jar;D:\repository\org\apache\directory\api\api-asn1-api\1.0.0-M20\api-asn1-api-1.0.0-M20.jar;D:\repository\org\apache\directory\api\api-util\1.0.0-M20\api-util-1.0.0-M20.jar;D:\repository\org\apache\curator\curator-framework\2.7.1\curator-framework-2.7.1.jar;D:\repository\com\jcraft\jsch\0.1.54\jsch-0.1.54.jar;D:\repository\org\apache\curator\curator-client\2.7.1\curator-client-2.7.1.jar;D:\repository\org\apache\curator\curator-recipes\2.7.1\curator-recipes-2.7.1.jar;D:\repository\com\google\code\findbugs\jsr305\3.0.0\jsr305-3.0.0.jar;D:\repository\org\apache\htrace\htrace-core\3.1.0-incubating\htrace-core-3.1.0-incubating.jar;D:\repository\org\apache\zookeeper\zookeeper\3.4.6\zookeeper-3.4.6.jar;D:\repository\org\apache\commons\commons-compress\1.4.1\commons-compress-1.4.1.jar;D:\repository\org\apache\hadoop\hadoop-mapreduce-client-core\2.7.4\hadoop-mapreduce-client-core-2.7.4.jar;D:\repository\org\apache\hadoop\hadoop-yarn-common\2.7.4\hadoop-yarn-common-2.7.4.jar;D:\repository\org\apache\hadoop\hadoop-yarn-api\2.7.4\hadoop-yarn-api-2.7.4.jar;D:\repository\javax\xml\bind\jaxb-api\2.2.2\jaxb-api-2.2.2.jar;D:\repository\javax\xml\stream\stax-api\1.0-2\stax-api-1.0-2.jar;D:\repository\javax\activation\activation\1.1\activation-1.1.jar;D:\repository\com\sun\jersey\jersey-client\1.9\jersey-client-1.9.jar;D:\repository\com\google\inject\guice\3.0\guice-3.0.jar;D:\repository\javax\inject\javax.inject\1\javax.inject-1.jar;D:\repository\aopalliance\aopalliance\1.0\aopalliance-1.0.jar;D:\repository\com\sun\jersey\contribs\jersey-guice\1.9\jersey-guice-1.9.jar;D:\repository\com\google\inject\extensions\guice-servlet\3.0\guice-servlet-3.0.jar;D:\repository\io\netty\netty\3.6.2.Final\netty-3.6.2.Final.jar;"/>
    <property name="sun.cpu.endian" value="little"/>
    <property name="user.home" value="C:\Users\tianl"/>
    <property name="user.language" value="zh"/>
    <property name="java.specification.vendor" value="Oracle Corporation"/>
    <property name="java.home" value="C:\Java\jre"/>
    <property name="basedir" value="D:\sourceCode\MR\myhadoop\mr"/>
    <property name="file.separator" value="\"/>
    <property name="line.separator" value="&#10;"/>
    <property name="java.vm.specification.vendor" value="Oracle Corporation"/>
    <property name="java.specification.name" value="Java Platform API Specification"/>
    <property name="java.awt.graphicsenv" value="sun.awt.Win32GraphicsEnvironment"/>
    <property name="surefire.real.class.path" value="C:\Users\tianl\AppData\Local\Temp\surefire5229937159066667628\surefirebooter4260507673857794189.jar"/>
    <property name="sun.boot.class.path" value="C:\Java\jre\lib\resources.jar;C:\Java\jre\lib\rt.jar;C:\Java\jre\lib\sunrsasign.jar;C:\Java\jre\lib\jsse.jar;C:\Java\jre\lib\jce.jar;C:\Java\jre\lib\charsets.jar;C:\Java\jre\lib\jfr.jar;C:\Java\jre\classes"/>
    <property name="user.script" value=""/>
    <property name="sun.management.compiler" value="HotSpot 64-Bit Tiered Compilers"/>
    <property name="java.runtime.version" value="1.8.0_152-b16"/>
    <property name="user.name" value="tianl"/>
    <property name="path.separator" value=";"/>
    <property name="os.version" value="10.0"/>
    <property name="java.endorsed.dirs" value="C:\Java\jre\lib\endorsed"/>
    <property name="java.runtime.name" value="Java(TM) SE Runtime Environment"/>
    <property name="file.encoding" value="GBK"/>
    <property name="java.vm.name" value="Java HotSpot(TM) 64-Bit Server VM"/>
    <property name="localRepository" value="D:\repository"/>
    <property name="java.vendor.url.bug" value="http://bugreport.sun.com/bugreport/"/>
    <property name="java.io.tmpdir" value="C:\Users\tianl\AppData\Local\Temp\"/>
    <property name="idea.version" value="2018.1.4"/>
    <property name="java.version" value="1.8.0_152"/>
    <property name="user.dir" value="D:\sourceCode\MR\myhadoop\mr"/>
    <property name="os.arch" value="amd64"/>
    <property name="java.vm.specification.name" value="Java Virtual Machine Specification"/>
    <property name="java.awt.printerjob" value="sun.awt.windows.WPrinterJob"/>
    <property name="sun.os.patch.level" value=""/>
    <property name="java.library.path" value="C:\Java\jre\bin;C:\WINDOWS\Sun\Java\bin;C:\WINDOWS\system32;C:\WINDOWS;C:\Program Files (x86)\Common Files\Oracle\Java\javapath;C:\ProgramData\Oracle\Java\javapath;C:\Program Files (x86)\Intel\iCLS Client\;C:\Program Files\Intel\iCLS Client\;C:\Windows\system32;C:\Windows;C:\Windows\System32\Wbem;C:\Windows\System32\WindowsPowerShell\v1.0\;C:\Program Files (x86)\Intel\Intel(R) Management Engine Components\DAL;C:\Program Files\Intel\Intel(R) Management Engine Components\DAL;C:\Program Files (x86)\Intel\Intel(R) Management Engine Components\IPT;C:\Program Files\Intel\Intel(R) Management Engine Components\IPT;C:\Program Files (x86)\NVIDIA Corporation\PhysX\Common;C:\WINDOWS\system32;C:\WINDOWS;C:\WINDOWS\System32\Wbem;C:\WINDOWS\System32\WindowsPowerShell\v1.0\;D:\software\maven3.5.2\bin;D:\software\mysql-5.7.20-winx64\bin;C:\Program Files\dotnet\;C:\Java\bin;C:\Program Files\OpenVPN\bin;C:\Program Files\TortoiseGit\bin;D:\software\phantomjs-2.5.0-beta2-windows\bin;D:\software\maven3.5.2 for idea\bin;D:\software\hadoop\bin;C:\Python36\Scripts\;C:\Python36\;C:\Users\tianl\AppData\Local\Microsoft\WindowsApps;;C:\Program Files\Microsoft VS Code\bin;."/>
    <property name="java.vm.info" value="mixed mode"/>
    <property name="java.vendor" value="Oracle Corporation"/>
    <property name="java.vm.version" value="25.152-b16"/>
    <property name="java.ext.dirs" value="C:\Java\jre\lib\ext;C:\WINDOWS\Sun\Java\lib\ext"/>
    <property name="sun.io.unicode.encoding" value="UnicodeLittle"/>
    <property name="java.class.version" value="52.0"/>
  </properties>
  <testcase name="shouldAnswerWithTrue" classname="com.study.AppTest" time="0.002"/>
</testsuite>